2019-02-08 11:34:51,244 INFO WebShop.Web.Middleware.LoggingMiddleware - 15a6faee-21ab-41ad-860b-41fa2d03cae2 Request: http localhost:64874/  
2019-02-08 11:34:53,425 INFO WebShop.Web.Middleware.LoggingMiddleware - 15a6faee-21ab-41ad-860b-41fa2d03cae2 ResponseTime: 2195 Response: 200
2019-02-08 11:34:55,435 INFO WebShop.Web.Middleware.LoggingMiddleware - 2bb57f37-b6c6-461e-bf3b-a883ae45512d Request: http localhost:64874/ShoppingCart/AddToShoppingCart ?productId=3 
2019-02-08 11:34:55,675 INFO WebShop.Web.Middleware.LoggingMiddleware - 944d425e-ecab-4666-afcb-e1bd0d1a297b Request: http localhost:64874/Product  
2019-02-08 11:34:55,720 INFO WebShop.Web.Middleware.LoggingMiddleware - 944d425e-ecab-4666-afcb-e1bd0d1a297b ResponseTime: 44 Response: 200
2019-02-08 11:34:55,964 INFO WebShop.Web.Middleware.LoggingMiddleware - 8fb9e821-ae33-4174-bbc0-4255ea0006e6 Request: http localhost:64874/ShoppingCart/AddToShoppingCart ?productId=2 
2019-02-08 11:34:56,082 INFO WebShop.Web.Middleware.LoggingMiddleware - d3b18a1c-b2a3-4602-a6ab-2fdd5d2ad2e6 Request: http localhost:64874/Product  
2019-02-08 11:34:56,132 INFO WebShop.Web.Middleware.LoggingMiddleware - d3b18a1c-b2a3-4602-a6ab-2fdd5d2ad2e6 ResponseTime: 49 Response: 200
2019-02-08 11:34:56,804 INFO WebShop.Web.Middleware.LoggingMiddleware - f3a5c51f-022f-4ad6-b0f2-fe2ea6f1e407 Request: http localhost:64874/ShoppingCart/Index  
2019-02-08 11:34:56,863 INFO WebShop.Web.Middleware.LoggingMiddleware - f3a5c51f-022f-4ad6-b0f2-fe2ea6f1e407 ResponseTime: 59 Response: 200
2019-02-08 11:34:59,591 INFO WebShop.Web.Middleware.LoggingMiddleware - de556eaa-13cb-4c89-91b7-5abdafb84564 Request: http localhost:64874/Order/Checkout  
2019-02-08 11:34:59,652 ERROR LoggingMiddleware
System.InvalidOperationException: Unable to resolve service for type 'WebShop.Avarda.Api.GetCustomer' while attempting to activate 'WebShop.Web.Controllers.OrderController'.
   at Microsoft.Extensions.DependencyInjection.ActivatorUtilities.GetService(IServiceProvider sp, Type type, Type requiredBy, Boolean isDefaultParameterRequired)
   at lambda_method(Closure , IServiceProvider , Object[] )
   at Microsoft.AspNetCore.Mvc.Controllers.ControllerActivatorProvider.<>c__DisplayClass4_0.<CreateActivator>b__0(ControllerContext controllerContext)
   at Microsoft.AspNetCore.Mvc.Controllers.ControllerFactoryProvider.<>c__DisplayClass5_0.<CreateControllerFactory>g__CreateController|0(ControllerContext controllerContext)
   at Microsoft.AspNetCore.Mvc.Internal.ControllerActionInvoker.Next(State& next, Scope& scope, Object& state, Boolean& isCompleted)
   at Microsoft.AspNetCore.Mvc.Internal.ControllerActionInvoker.InvokeInnerFilterAsync()
   at Microsoft.AspNetCore.Mvc.Internal.ResourceInvoker.InvokeNextResourceFilter()
   at Microsoft.AspNetCore.Mvc.Internal.ResourceInvoker.Rethrow(ResourceExecutedContext context)
   at Microsoft.AspNetCore.Mvc.Internal.ResourceInvoker.Next(State& next, Scope& scope, Object& state, Boolean& isCompleted)
   at Microsoft.AspNetCore.Mvc.Internal.ResourceInvoker.InvokeFilterPipelineAsync()
   at Microsoft.AspNetCore.Mvc.Internal.ResourceInvoker.InvokeAsync()
   at Microsoft.AspNetCore.Builder.RouterMiddleware.Invoke(HttpContext httpContext)
   at WebShop.Web.Middleware.LoggingMiddleware.Invoke(HttpContext context) in C:\Users\lojo\source\repos\WebShop\WebShop\Middleware\LoggingMiddleware.cs:line 41
2019-02-08 11:34:59,822 INFO WebShop.Web.Middleware.LoggingMiddleware - 7e97ec57-da52-45b5-8598-61ba26652750 Request: http localhost:64874/favicon.ico  
2019-02-08 11:35:29,832 INFO WebShop.Web.Middleware.LoggingMiddleware - f07e1b69-b18b-4c8c-9288-2ffccd61b4e8 Request: http localhost:64874/Order/Checkout  
2019-02-08 11:35:29,866 ERROR LoggingMiddleware
System.InvalidOperationException: Unable to resolve service for type 'WebShop.Avarda.Api.GetCustomer' while attempting to activate 'WebShop.Web.Controllers.OrderController'.
   at Microsoft.Extensions.DependencyInjection.ActivatorUtilities.GetService(IServiceProvider sp, Type type, Type requiredBy, Boolean isDefaultParameterRequired)
   at lambda_method(Closure , IServiceProvider , Object[] )
   at Microsoft.AspNetCore.Mvc.Controllers.ControllerActivatorProvider.<>c__DisplayClass4_0.<CreateActivator>b__0(ControllerContext controllerContext)
   at Microsoft.AspNetCore.Mvc.Controllers.ControllerFactoryProvider.<>c__DisplayClass5_0.<CreateControllerFactory>g__CreateController|0(ControllerContext controllerContext)
   at Microsoft.AspNetCore.Mvc.Internal.ControllerActionInvoker.Next(State& next, Scope& scope, Object& state, Boolean& isCompleted)
   at Microsoft.AspNetCore.Mvc.Internal.ControllerActionInvoker.InvokeInnerFilterAsync()
   at Microsoft.AspNetCore.Mvc.Internal.ResourceInvoker.InvokeNextResourceFilter()
   at Microsoft.AspNetCore.Mvc.Internal.ResourceInvoker.Rethrow(ResourceExecutedContext context)
   at Microsoft.AspNetCore.Mvc.Internal.ResourceInvoker.Next(State& next, Scope& scope, Object& state, Boolean& isCompleted)
   at Microsoft.AspNetCore.Mvc.Internal.ResourceInvoker.InvokeFilterPipelineAsync()
   at Microsoft.AspNetCore.Mvc.Internal.ResourceInvoker.InvokeAsync()
   at Microsoft.AspNetCore.Builder.RouterMiddleware.Invoke(HttpContext httpContext)
   at WebShop.Web.Middleware.LoggingMiddleware.Invoke(HttpContext context) in C:\Users\lojo\source\repos\WebShop\WebShop\Middleware\LoggingMiddleware.cs:line 41
2019-02-08 11:35:40,536 INFO WebShop.Web.Middleware.LoggingMiddleware - feffab91-9a83-4db5-b3b2-f7dd5e0bb750 Request: http localhost:64874/Order/Checkout  
2019-02-08 11:35:40,570 ERROR LoggingMiddleware
System.InvalidOperationException: Unable to resolve service for type 'WebShop.Avarda.Api.GetCustomer' while attempting to activate 'WebShop.Web.Controllers.OrderController'.
   at Microsoft.Extensions.DependencyInjection.ActivatorUtilities.GetService(IServiceProvider sp, Type type, Type requiredBy, Boolean isDefaultParameterRequired)
   at lambda_method(Closure , IServiceProvider , Object[] )
   at Microsoft.AspNetCore.Mvc.Controllers.ControllerActivatorProvider.<>c__DisplayClass4_0.<CreateActivator>b__0(ControllerContext controllerContext)
   at Microsoft.AspNetCore.Mvc.Controllers.ControllerFactoryProvider.<>c__DisplayClass5_0.<CreateControllerFactory>g__CreateController|0(ControllerContext controllerContext)
   at Microsoft.AspNetCore.Mvc.Internal.ControllerActionInvoker.Next(State& next, Scope& scope, Object& state, Boolean& isCompleted)
   at Microsoft.AspNetCore.Mvc.Internal.ControllerActionInvoker.InvokeInnerFilterAsync()
   at Microsoft.AspNetCore.Mvc.Internal.ResourceInvoker.InvokeNextResourceFilter()
   at Microsoft.AspNetCore.Mvc.Internal.ResourceInvoker.Rethrow(ResourceExecutedContext context)
   at Microsoft.AspNetCore.Mvc.Internal.ResourceInvoker.Next(State& next, Scope& scope, Object& state, Boolean& isCompleted)
   at Microsoft.AspNetCore.Mvc.Internal.ResourceInvoker.InvokeFilterPipelineAsync()
   at Microsoft.AspNetCore.Mvc.Internal.ResourceInvoker.InvokeAsync()
   at Microsoft.AspNetCore.Builder.RouterMiddleware.Invoke(HttpContext httpContext)
   at WebShop.Web.Middleware.LoggingMiddleware.Invoke(HttpContext context) in C:\Users\lojo\source\repos\WebShop\WebShop\Middleware\LoggingMiddleware.cs:line 41
2019-02-08 11:38:50,146 INFO WebShop.Web.Middleware.LoggingMiddleware - 34909aa8-da86-453e-88e2-80cc014c3024 Request: http localhost:64874/  
2019-02-08 11:38:52,045 INFO WebShop.Web.Middleware.LoggingMiddleware - 34909aa8-da86-453e-88e2-80cc014c3024 ResponseTime: 1922 Response: 200
2019-02-08 11:38:55,303 INFO WebShop.Web.Middleware.LoggingMiddleware - f88190e7-2c2f-40cb-8be8-a3af075ac444 Request: http localhost:64874/ShoppingCart/AddToShoppingCart ?productId=2 
2019-02-08 11:38:55,603 INFO WebShop.Web.Middleware.LoggingMiddleware - 54d05963-f86c-4b88-b575-f6b145d028ee Request: http localhost:64874/Product  
2019-02-08 11:38:55,659 INFO WebShop.Web.Middleware.LoggingMiddleware - 54d05963-f86c-4b88-b575-f6b145d028ee ResponseTime: 55 Response: 200
2019-02-08 11:38:57,041 INFO WebShop.Web.Middleware.LoggingMiddleware - da4725a0-351e-44f3-a943-2035b325e50f Request: http localhost:64874/ShoppingCart/Index  
2019-02-08 11:38:57,098 INFO WebShop.Web.Middleware.LoggingMiddleware - da4725a0-351e-44f3-a943-2035b325e50f ResponseTime: 56 Response: 200
2019-02-08 11:38:59,239 INFO WebShop.Web.Middleware.LoggingMiddleware - 11a44dee-63b1-47ba-bef4-cbba829ba88d Request: http localhost:64874/Order/Checkout  
2019-02-08 11:38:59,287 ERROR LoggingMiddleware
System.InvalidOperationException: Unable to resolve service for type 'WebShop.Avarda.Api.GetCustomer' while attempting to activate 'WebShop.Web.Controllers.OrderController'.
   at Microsoft.Extensions.DependencyInjection.ActivatorUtilities.GetService(IServiceProvider sp, Type type, Type requiredBy, Boolean isDefaultParameterRequired)
   at lambda_method(Closure , IServiceProvider , Object[] )
   at Microsoft.AspNetCore.Mvc.Controllers.ControllerActivatorProvider.<>c__DisplayClass4_0.<CreateActivator>b__0(ControllerContext controllerContext)
   at Microsoft.AspNetCore.Mvc.Controllers.ControllerFactoryProvider.<>c__DisplayClass5_0.<CreateControllerFactory>g__CreateController|0(ControllerContext controllerContext)
   at Microsoft.AspNetCore.Mvc.Internal.ControllerActionInvoker.Next(State& next, Scope& scope, Object& state, Boolean& isCompleted)
   at Microsoft.AspNetCore.Mvc.Internal.ControllerActionInvoker.InvokeInnerFilterAsync()
   at Microsoft.AspNetCore.Mvc.Internal.ResourceInvoker.InvokeNextResourceFilter()
   at Microsoft.AspNetCore.Mvc.Internal.ResourceInvoker.Rethrow(ResourceExecutedContext context)
   at Microsoft.AspNetCore.Mvc.Internal.ResourceInvoker.Next(State& next, Scope& scope, Object& state, Boolean& isCompleted)
   at Microsoft.AspNetCore.Mvc.Internal.ResourceInvoker.InvokeFilterPipelineAsync()
   at Microsoft.AspNetCore.Mvc.Internal.ResourceInvoker.InvokeAsync()
   at Microsoft.AspNetCore.Builder.RouterMiddleware.Invoke(HttpContext httpContext)
   at WebShop.Web.Middleware.LoggingMiddleware.Invoke(HttpContext context) in C:\Users\lojo\source\repos\WebShop\WebShop\Middleware\LoggingMiddleware.cs:line 41
2019-02-08 11:42:00,653 INFO WebShop.Web.Middleware.LoggingMiddleware - d732f145-9d61-4e74-aa15-578208d263b7 Request: http localhost:64874/  
2019-02-08 11:42:02,654 INFO WebShop.Web.Middleware.LoggingMiddleware - d732f145-9d61-4e74-aa15-578208d263b7 ResponseTime: 2011 Response: 200
2019-02-08 11:42:04,921 INFO WebShop.Web.Middleware.LoggingMiddleware - 85da2674-3130-4420-8003-a1fe98e25d05 Request: http localhost:64874/ShoppingCart/AddToShoppingCart ?productId=2 
2019-02-08 11:42:05,159 INFO WebShop.Web.Middleware.LoggingMiddleware - 5dc2cace-c80d-423d-b620-75e3664fcd2b Request: http localhost:64874/Product  
2019-02-08 11:42:05,199 INFO WebShop.Web.Middleware.LoggingMiddleware - 5dc2cace-c80d-423d-b620-75e3664fcd2b ResponseTime: 39 Response: 200
2019-02-08 11:42:05,786 INFO WebShop.Web.Middleware.LoggingMiddleware - 77bfab7c-15b3-4e05-9b24-cdd781bc3ba9 Request: http localhost:64874/ShoppingCart/AddToShoppingCart ?productId=3 
2019-02-08 11:42:05,841 INFO WebShop.Web.Middleware.LoggingMiddleware - b718b8dd-e266-43d6-9807-a92708b09142 Request: http localhost:64874/Product  
2019-02-08 11:42:05,903 INFO WebShop.Web.Middleware.LoggingMiddleware - b718b8dd-e266-43d6-9807-a92708b09142 ResponseTime: 62 Response: 200
2019-02-08 11:42:06,679 INFO WebShop.Web.Middleware.LoggingMiddleware - 9e04a15b-db08-4294-8a73-7f7dafa026b1 Request: http localhost:64874/ShoppingCart/Index  
2019-02-08 11:42:06,739 INFO WebShop.Web.Middleware.LoggingMiddleware - 9e04a15b-db08-4294-8a73-7f7dafa026b1 ResponseTime: 60 Response: 200
2019-02-08 11:42:11,075 INFO WebShop.Web.Middleware.LoggingMiddleware - 3aa96d38-6ba4-4d74-918e-605b2fbb6e41 Request: http localhost:64874/Order/Checkout  
2019-02-08 11:42:11,134 ERROR LoggingMiddleware
System.InvalidOperationException: Unable to resolve service for type 'WebShop.Avarda.Api.GetCustomer' while attempting to activate 'WebShop.Web.Controllers.OrderController'.
   at Microsoft.Extensions.DependencyInjection.ActivatorUtilities.GetService(IServiceProvider sp, Type type, Type requiredBy, Boolean isDefaultParameterRequired)
   at lambda_method(Closure , IServiceProvider , Object[] )
   at Microsoft.AspNetCore.Mvc.Controllers.ControllerActivatorProvider.<>c__DisplayClass4_0.<CreateActivator>b__0(ControllerContext controllerContext)
   at Microsoft.AspNetCore.Mvc.Controllers.ControllerFactoryProvider.<>c__DisplayClass5_0.<CreateControllerFactory>g__CreateController|0(ControllerContext controllerContext)
   at Microsoft.AspNetCore.Mvc.Internal.ControllerActionInvoker.Next(State& next, Scope& scope, Object& state, Boolean& isCompleted)
   at Microsoft.AspNetCore.Mvc.Internal.ControllerActionInvoker.InvokeInnerFilterAsync()
   at Microsoft.AspNetCore.Mvc.Internal.ResourceInvoker.InvokeNextResourceFilter()
   at Microsoft.AspNetCore.Mvc.Internal.ResourceInvoker.Rethrow(ResourceExecutedContext context)
   at Microsoft.AspNetCore.Mvc.Internal.ResourceInvoker.Next(State& next, Scope& scope, Object& state, Boolean& isCompleted)
   at Microsoft.AspNetCore.Mvc.Internal.ResourceInvoker.InvokeFilterPipelineAsync()
   at Microsoft.AspNetCore.Mvc.Internal.ResourceInvoker.InvokeAsync()
   at Microsoft.AspNetCore.Builder.RouterMiddleware.Invoke(HttpContext httpContext)
   at WebShop.Web.Middleware.LoggingMiddleware.Invoke(HttpContext context) in C:\Users\lojo\source\repos\WebShop\WebShop\Middleware\LoggingMiddleware.cs:line 41
2019-02-08 11:42:22,210 INFO WebShop.Web.Middleware.LoggingMiddleware - b910126c-6bec-4608-a8eb-7edf438aafa6 Request: http localhost:64874/Order/Checkout  
2019-02-08 11:42:22,253 ERROR LoggingMiddleware
System.InvalidOperationException: Unable to resolve service for type 'WebShop.Avarda.Api.GetCustomer' while attempting to activate 'WebShop.Web.Controllers.OrderController'.
   at Microsoft.Extensions.DependencyInjection.ActivatorUtilities.GetService(IServiceProvider sp, Type type, Type requiredBy, Boolean isDefaultParameterRequired)
   at lambda_method(Closure , IServiceProvider , Object[] )
   at Microsoft.AspNetCore.Mvc.Controllers.ControllerActivatorProvider.<>c__DisplayClass4_0.<CreateActivator>b__0(ControllerContext controllerContext)
   at Microsoft.AspNetCore.Mvc.Controllers.ControllerFactoryProvider.<>c__DisplayClass5_0.<CreateControllerFactory>g__CreateController|0(ControllerContext controllerContext)
   at Microsoft.AspNetCore.Mvc.Internal.ControllerActionInvoker.Next(State& next, Scope& scope, Object& state, Boolean& isCompleted)
   at Microsoft.AspNetCore.Mvc.Internal.ControllerActionInvoker.InvokeInnerFilterAsync()
   at Microsoft.AspNetCore.Mvc.Internal.ResourceInvoker.InvokeNextResourceFilter()
   at Microsoft.AspNetCore.Mvc.Internal.ResourceInvoker.Rethrow(ResourceExecutedContext context)
   at Microsoft.AspNetCore.Mvc.Internal.ResourceInvoker.Next(State& next, Scope& scope, Object& state, Boolean& isCompleted)
   at Microsoft.AspNetCore.Mvc.Internal.ResourceInvoker.InvokeFilterPipelineAsync()
   at Microsoft.AspNetCore.Mvc.Internal.ResourceInvoker.InvokeAsync()
   at Microsoft.AspNetCore.Builder.RouterMiddleware.Invoke(HttpContext httpContext)
   at WebShop.Web.Middleware.LoggingMiddleware.Invoke(HttpContext context) in C:\Users\lojo\source\repos\WebShop\WebShop\Middleware\LoggingMiddleware.cs:line 41
2019-02-08 11:44:47,519 INFO WebShop.Web.Middleware.LoggingMiddleware - 31f185c1-9012-4900-a82e-53b4225d216f Request: http localhost:64874/  
2019-02-08 11:44:49,741 INFO WebShop.Web.Middleware.LoggingMiddleware - 31f185c1-9012-4900-a82e-53b4225d216f ResponseTime: 2240 Response: 200
2019-02-08 11:45:30,802 INFO WebShop.Web.Middleware.LoggingMiddleware - 8361faf0-cd95-42ab-9b88-7276f11e3912 Request: http localhost:64874/ShoppingCart/AddToShoppingCart ?productId=3 
2019-02-08 11:45:33,758 INFO WebShop.Web.Middleware.LoggingMiddleware - bcf1de06-c4ff-4e90-8796-b3f84b0160ae Request: http localhost:64874/Product  
2019-02-08 11:45:33,803 INFO WebShop.Web.Middleware.LoggingMiddleware - bcf1de06-c4ff-4e90-8796-b3f84b0160ae ResponseTime: 44 Response: 200
2019-02-08 11:45:56,855 INFO WebShop.Web.Middleware.LoggingMiddleware - 9be30a84-129b-421f-9d71-440749706a1f Request: http localhost:64874/ShoppingCart/AddToShoppingCart ?productId=3 
2019-02-08 11:45:56,925 INFO WebShop.Web.Middleware.LoggingMiddleware - 98d01e0b-d0d9-4e0c-a5bc-5d78d59d0a8a Request: http localhost:64874/Product  
2019-02-08 11:45:56,969 INFO WebShop.Web.Middleware.LoggingMiddleware - 98d01e0b-d0d9-4e0c-a5bc-5d78d59d0a8a ResponseTime: 44 Response: 200
2019-02-08 11:46:02,021 INFO WebShop.Web.Middleware.LoggingMiddleware - e0915d3a-3498-40d5-9271-07c8fcc13a96 Request: http localhost:64874/ShoppingCart/AddToShoppingCart ?productId=3 
2019-02-08 11:46:02,069 INFO WebShop.Web.Middleware.LoggingMiddleware - daf3494a-fea9-4957-bfa1-e76ccc4d7555 Request: http localhost:64874/Product  
2019-02-08 11:46:02,101 INFO WebShop.Web.Middleware.LoggingMiddleware - daf3494a-fea9-4957-bfa1-e76ccc4d7555 ResponseTime: 31 Response: 200
2019-02-08 11:46:04,539 INFO WebShop.Web.Middleware.LoggingMiddleware - c27e1e33-11e8-4664-955f-963360632afe Request: http localhost:64874/ShoppingCart/Index  
2019-02-08 11:46:04,616 INFO WebShop.Web.Middleware.LoggingMiddleware - c27e1e33-11e8-4664-955f-963360632afe ResponseTime: 76 Response: 200
2019-02-08 11:46:18,965 INFO WebShop.Web.Middleware.LoggingMiddleware - b8d6d0a7-17c3-4542-ba8b-1019b9926911 Request: http localhost:64874/Order/Checkout  
2019-02-08 11:46:18,997 ERROR LoggingMiddleware
System.InvalidOperationException: Unable to resolve service for type 'WebShop.Avarda.Api.GetCustomer' while attempting to activate 'WebShop.Web.Controllers.OrderController'.
   at Microsoft.Extensions.DependencyInjection.ActivatorUtilities.GetService(IServiceProvider sp, Type type, Type requiredBy, Boolean isDefaultParameterRequired)
   at lambda_method(Closure , IServiceProvider , Object[] )
   at Microsoft.AspNetCore.Mvc.Controllers.ControllerActivatorProvider.<>c__DisplayClass4_0.<CreateActivator>b__0(ControllerContext controllerContext)
   at Microsoft.AspNetCore.Mvc.Controllers.ControllerFactoryProvider.<>c__DisplayClass5_0.<CreateControllerFactory>g__CreateController|0(ControllerContext controllerContext)
   at Microsoft.AspNetCore.Mvc.Internal.ControllerActionInvoker.Next(State& next, Scope& scope, Object& state, Boolean& isCompleted)
   at Microsoft.AspNetCore.Mvc.Internal.ControllerActionInvoker.InvokeInnerFilterAsync()
   at Microsoft.AspNetCore.Mvc.Internal.ResourceInvoker.InvokeNextResourceFilter()
   at Microsoft.AspNetCore.Mvc.Internal.ResourceInvoker.Rethrow(ResourceExecutedContext context)
   at Microsoft.AspNetCore.Mvc.Internal.ResourceInvoker.Next(State& next, Scope& scope, Object& state, Boolean& isCompleted)
   at Microsoft.AspNetCore.Mvc.Internal.ResourceInvoker.InvokeFilterPipelineAsync()
   at Microsoft.AspNetCore.Mvc.Internal.ResourceInvoker.InvokeAsync()
   at Microsoft.AspNetCore.Builder.RouterMiddleware.Invoke(HttpContext httpContext)
   at WebShop.Web.Middleware.LoggingMiddleware.Invoke(HttpContext context) in C:\Users\lojo\source\repos\WebShop\WebShop\Middleware\LoggingMiddleware.cs:line 41
2019-02-08 11:50:40,120 INFO WebShop.Web.Middleware.LoggingMiddleware - 97f17c70-ee9a-4e9c-b13e-279fa800d18b Request: http localhost:64874/  
2019-02-08 11:50:42,404 INFO WebShop.Web.Middleware.LoggingMiddleware - 97f17c70-ee9a-4e9c-b13e-279fa800d18b ResponseTime: 2297 Response: 200
2019-02-08 11:50:44,584 INFO WebShop.Web.Middleware.LoggingMiddleware - 86a1606a-91ae-4a68-b3d9-9077ff69dd60 Request: http localhost:64874/ShoppingCart/AddToShoppingCart ?productId=2 
2019-02-08 11:50:44,899 INFO WebShop.Web.Middleware.LoggingMiddleware - 4e03191d-593e-4b0c-a03d-1a0c9899df6a Request: http localhost:64874/Product  
2019-02-08 11:50:44,959 INFO WebShop.Web.Middleware.LoggingMiddleware - 4e03191d-593e-4b0c-a03d-1a0c9899df6a ResponseTime: 59 Response: 200
2019-02-08 11:50:45,651 INFO WebShop.Web.Middleware.LoggingMiddleware - 14fc8016-c47d-47d5-9f83-a721ac227e51 Request: http localhost:64874/ShoppingCart/AddToShoppingCart ?productId=3 
2019-02-08 11:50:45,841 INFO WebShop.Web.Middleware.LoggingMiddleware - b60694df-a204-4698-99c7-fc08f93134a9 Request: http localhost:64874/Product  
2019-02-08 11:50:45,969 INFO WebShop.Web.Middleware.LoggingMiddleware - b60694df-a204-4698-99c7-fc08f93134a9 ResponseTime: 127 Response: 200
2019-02-08 11:50:46,601 INFO WebShop.Web.Middleware.LoggingMiddleware - d09addef-9fc6-4532-b01e-e2a4887d5329 Request: http localhost:64874/ShoppingCart/Index  
2019-02-08 11:50:46,680 INFO WebShop.Web.Middleware.LoggingMiddleware - d09addef-9fc6-4532-b01e-e2a4887d5329 ResponseTime: 79 Response: 200
2019-02-08 11:50:50,176 INFO WebShop.Web.Middleware.LoggingMiddleware - feaaef08-9fd3-4b24-acc8-281a3f92f426 Request: http localhost:64874/Order/Checkout  
2019-02-08 11:50:50,231 ERROR LoggingMiddleware
System.InvalidOperationException: Unable to resolve service for type 'WebShop.Avarda.Api.GetCustomer' while attempting to activate 'WebShop.Web.Controllers.OrderController'.
   at Microsoft.Extensions.DependencyInjection.ActivatorUtilities.GetService(IServiceProvider sp, Type type, Type requiredBy, Boolean isDefaultParameterRequired)
   at lambda_method(Closure , IServiceProvider , Object[] )
   at Microsoft.AspNetCore.Mvc.Controllers.ControllerActivatorProvider.<>c__DisplayClass4_0.<CreateActivator>b__0(ControllerContext controllerContext)
   at Microsoft.AspNetCore.Mvc.Controllers.ControllerFactoryProvider.<>c__DisplayClass5_0.<CreateControllerFactory>g__CreateController|0(ControllerContext controllerContext)
   at Microsoft.AspNetCore.Mvc.Internal.ControllerActionInvoker.Next(State& next, Scope& scope, Object& state, Boolean& isCompleted)
   at Microsoft.AspNetCore.Mvc.Internal.ControllerActionInvoker.InvokeInnerFilterAsync()
   at Microsoft.AspNetCore.Mvc.Internal.ResourceInvoker.InvokeNextResourceFilter()
   at Microsoft.AspNetCore.Mvc.Internal.ResourceInvoker.Rethrow(ResourceExecutedContext context)
   at Microsoft.AspNetCore.Mvc.Internal.ResourceInvoker.Next(State& next, Scope& scope, Object& state, Boolean& isCompleted)
   at Microsoft.AspNetCore.Mvc.Internal.ResourceInvoker.InvokeFilterPipelineAsync()
   at Microsoft.AspNetCore.Mvc.Internal.ResourceInvoker.InvokeAsync()
   at Microsoft.AspNetCore.Builder.RouterMiddleware.Invoke(HttpContext httpContext)
   at WebShop.Web.Middleware.LoggingMiddleware.Invoke(HttpContext context) in C:\Users\lojo\source\repos\WebShop\WebShop\Middleware\LoggingMiddleware.cs:line 41
2019-02-08 11:55:08,660 INFO WebShop.Web.Middleware.LoggingMiddleware - 92e64d65-859b-4c18-978e-df14dccb2e14 Request: http localhost:64874/  
2019-02-08 11:55:10,806 INFO WebShop.Web.Middleware.LoggingMiddleware - 92e64d65-859b-4c18-978e-df14dccb2e14 ResponseTime: 2166 Response: 200
2019-02-08 11:55:12,749 INFO WebShop.Web.Middleware.LoggingMiddleware - b483f989-5497-4c50-aab4-ad18732215a8 Request: http localhost:64874/ShoppingCart/AddToShoppingCart ?productId=2 
2019-02-08 11:55:13,021 INFO WebShop.Web.Middleware.LoggingMiddleware - dc96e86c-5286-4b07-81b1-ca155d47582b Request: http localhost:64874/Product  
2019-02-08 11:55:13,092 INFO WebShop.Web.Middleware.LoggingMiddleware - dc96e86c-5286-4b07-81b1-ca155d47582b ResponseTime: 71 Response: 200
2019-02-08 11:55:13,442 INFO WebShop.Web.Middleware.LoggingMiddleware - d3cdbb9d-b196-44f3-af0e-a826b90a00ae Request: http localhost:64874/ShoppingCart/AddToShoppingCart ?productId=3 
2019-02-08 11:55:13,592 INFO WebShop.Web.Middleware.LoggingMiddleware - 6db9d0a3-b11b-4a99-b21d-d0e56fbbe6eb Request: http localhost:64874/Product  
2019-02-08 11:55:13,758 INFO WebShop.Web.Middleware.LoggingMiddleware - 6db9d0a3-b11b-4a99-b21d-d0e56fbbe6eb ResponseTime: 166 Response: 200
2019-02-08 11:55:14,471 INFO WebShop.Web.Middleware.LoggingMiddleware - 5e333dcb-6673-49d7-95df-f4e8a0e3a80c Request: http localhost:64874/ShoppingCart/Index  
2019-02-08 11:55:14,535 INFO WebShop.Web.Middleware.LoggingMiddleware - 5e333dcb-6673-49d7-95df-f4e8a0e3a80c ResponseTime: 63 Response: 200
2019-02-08 11:55:16,887 INFO WebShop.Web.Middleware.LoggingMiddleware - 0e2b9471-3767-444a-9a80-dfeb69489f07 Request: http localhost:64874/Order/Checkout  
2019-02-08 11:55:16,945 ERROR LoggingMiddleware
System.InvalidOperationException: Unable to resolve service for type 'WebShop.Avarda.Api.GetCustomer' while attempting to activate 'WebShop.Web.Controllers.OrderController'.
   at Microsoft.Extensions.DependencyInjection.ActivatorUtilities.GetService(IServiceProvider sp, Type type, Type requiredBy, Boolean isDefaultParameterRequired)
   at lambda_method(Closure , IServiceProvider , Object[] )
   at Microsoft.AspNetCore.Mvc.Controllers.ControllerActivatorProvider.<>c__DisplayClass4_0.<CreateActivator>b__0(ControllerContext controllerContext)
   at Microsoft.AspNetCore.Mvc.Controllers.ControllerFactoryProvider.<>c__DisplayClass5_0.<CreateControllerFactory>g__CreateController|0(ControllerContext controllerContext)
   at Microsoft.AspNetCore.Mvc.Internal.ControllerActionInvoker.Next(State& next, Scope& scope, Object& state, Boolean& isCompleted)
   at Microsoft.AspNetCore.Mvc.Internal.ControllerActionInvoker.InvokeInnerFilterAsync()
   at Microsoft.AspNetCore.Mvc.Internal.ResourceInvoker.InvokeNextResourceFilter()
   at Microsoft.AspNetCore.Mvc.Internal.ResourceInvoker.Rethrow(ResourceExecutedContext context)
   at Microsoft.AspNetCore.Mvc.Internal.ResourceInvoker.Next(State& next, Scope& scope, Object& state, Boolean& isCompleted)
   at Microsoft.AspNetCore.Mvc.Internal.ResourceInvoker.InvokeFilterPipelineAsync()
   at Microsoft.AspNetCore.Mvc.Internal.ResourceInvoker.InvokeAsync()
   at Microsoft.AspNetCore.Builder.RouterMiddleware.Invoke(HttpContext httpContext)
   at WebShop.Web.Middleware.LoggingMiddleware.Invoke(HttpContext context) in C:\Users\lojo\source\repos\WebShop\WebShop\Middleware\LoggingMiddleware.cs:line 41
